

times in msec
 clock   self+sourced   self:  sourced script
 clock   elapsed:              other lines

000.011  000.011: --- NVIM STARTING ---
000.161  000.150: event init
000.249  000.088: early init
000.307  000.058: locale set
000.345  000.039: init first window
000.659  000.313: inits 1
000.669  000.010: window checked
000.671  000.002: parsing arguments
001.122  000.066  000.066: require('vim.shared')
001.224  000.041  000.041: require('vim._meta')
001.226  000.101  000.060: require('vim._editor')
001.227  000.207  000.040: require('vim._init_packages')
001.228  000.350: init lua interpreter
001.283  000.055: expanding arguments
001.355  000.071: inits 2
001.611  000.256: init highlight
001.612  000.001: waiting for UI
002.563  000.951: done waiting for UI
002.572  000.008: init screen for UI
002.683  000.112: init default mappings
002.697  000.014: init default autocommands
003.876  000.055  000.055: sourcing /usr/share/nvim/runtime/ftplugin.vim
004.125  000.027  000.027: sourcing /usr/share/nvim/runtime/indent.vim
004.227  000.013  000.013: sourcing /usr/share/nvim/archlinux.vim
004.230  000.039  000.027: sourcing /etc/xdg/nvim/sysinit.vim
005.695  001.407  001.407: require('options')
005.821  000.006  000.006: require('vim.keymap')
005.947  000.247  000.241: require('mappings')
006.317  000.219  000.219: require('catppuccin')
007.948  001.862  001.643: sourcing /home/mally/.local/share/nvim/site/pack/packer/start/catppuccin/colors/catppuccin.vim
007.965  002.017  000.155: require('colors')
009.314  000.281  000.281: require('packer.util')
009.347  001.268  000.987: require('packer')
009.651  000.303  000.303: require('packer.log')
010.268  000.247  000.247: require('packer.async')
010.754  000.188  000.188: require('packer.result')
010.759  000.488  000.300: require('packer.jobs')
010.764  001.096  000.361: require('packer.plugin_utils')
011.071  000.296  000.296: require('packer.snapshot')
011.420  003.452  000.490: require('packer-config')
013.114  000.198  000.198: require('vim.treesitter.language')
013.127  000.763  000.565: require('vim.treesitter.query')
015.670  000.464  000.464: require('vim.treesitter.languagetree')
015.739  000.886  000.422: require('vim.treesitter')
015.864  001.907  001.021: require('nvim-treesitter.parsers')
016.140  000.274  000.274: require('nvim-treesitter.utils')
016.147  002.699  000.518: require('nvim-treesitter.ts_utils')
016.155  003.026  000.327: require('nvim-treesitter.tsrange')
016.325  000.168  000.168: require('nvim-treesitter.caching')
016.335  004.405  000.447: require('nvim-treesitter.query')
016.350  004.873  000.468: require('nvim-treesitter.configs')
016.367  004.944  000.071: require('treesitter-config')
016.787  000.135  000.135: require('mason-core.path')
016.800  000.280  000.145: require('mason.settings')
017.370  000.270  000.270: require('mason-core.functional')
017.692  000.120  000.120: require('mason-core.functional.data')
017.697  000.311  000.191: require('mason-core.functional.function')
017.843  000.132  000.132: require('mason-core.functional.relation')
018.024  000.172  000.172: require('mason-core.functional.logic')
018.059  001.257  000.372: require('mason-core.platform')
018.061  001.663  000.126: require('mason')
018.615  000.281  000.281: require('mason-core.functional.list')
018.879  000.256  000.256: require('mason-core.functional.string')
018.905  000.830  000.294: require('mason.api.command')
019.426  000.274  000.274: require('mason-core.log')
019.430  000.506  000.233: require('mason-lspconfig')
019.588  000.157  000.157: require('mason-lspconfig.settings')
019.851  000.261  000.261: require('mason-lspconfig.lspconfig_hook')
023.062  000.402  000.402: require('vim.lsp.log')
024.159  000.008  000.008: require('vim.F')
024.164  001.096  001.089: require('vim.lsp.protocol')
028.080  000.785  000.785: require('vim.lsp._snippet')
029.035  000.948  000.948: require('vim.highlight')
029.060  004.895  003.161: require('vim.lsp.util')
029.087  007.119  000.726: require('vim.lsp.handlers')
029.738  000.648  000.648: require('vim.lsp.rpc')
030.183  000.442  000.442: require('vim.lsp.sync')
031.021  000.810  000.810: require('vim.lsp.buf')
031.371  000.348  000.348: require('vim.lsp.diagnostic')
031.763  000.389  000.389: require('vim.lsp.codelens')
031.887  011.386  001.631: require('vim.lsp')
031.944  012.090  000.704: require('lspconfig.util')
032.410  000.196  000.196: require('mason-core.functional.table')
032.531  000.585  000.389: require('mason-lspconfig.mappings.server')
033.264  000.293  000.293: require('mason-core.async')
033.384  000.114  000.114: require('mason-core.async.uv')
033.394  000.627  000.220: require('mason-core.fs')
033.560  000.164  000.164: require('mason-core.optional')
033.704  000.142  000.142: require('mason-core.EventEmitter')
034.101  000.395  000.395: require('mason-registry.index')
034.132  001.598  000.270: require('mason-registry')
034.246  000.111  000.111: require('mason-lspconfig.server_config_extensions')
034.614  000.366  000.366: require('lspconfig.configs')
034.822  000.206  000.206: require('lspconfig.server_configurations.omnisharp')
035.272  000.111  000.111: require('mason-core.notify')
035.441  000.162  000.162: require('mason-core.functional.number')
035.500  000.592  000.318: require('mason-lspconfig.api.command')
035.502  019.133  000.167: require('mason-config')
036.122  000.237  000.237: require('cmp_nvim_lsp.source')
036.126  000.503  000.266: require('cmp_nvim_lsp')
036.326  000.177  000.177: require('lspconfig')
036.610  000.282  000.282: require('lspconfig.server_configurations.sumneko_lua')
038.899  000.170  000.170: require('lspconfig.server_configurations.java_language_server')
039.284  000.216  000.216: require('lspconfig.server_configurations.racket_langserver')
039.637  000.176  000.176: require('lspconfig.server_configurations.pyright')
040.053  004.549  003.025: require('lsp-config.language-servers')
041.090  000.138  000.138: require('cmp.utils.debug')
041.532  000.233  000.233: require('cmp.utils.char')
041.537  000.445  000.211: require('cmp.utils.str')
041.675  000.136  000.136: require('cmp.utils.pattern')
042.410  000.296  000.296: require('cmp.utils.misc')
042.582  000.169  000.169: require('cmp.utils.buffer')
042.755  000.171  000.171: require('cmp.utils.api')
042.762  000.919  000.283: require('cmp.utils.keymap')
042.766  001.089  000.170: require('cmp.utils.feedkeys')
042.967  000.199  000.199: require('cmp.utils.async')
043.410  000.140  000.140: require('cmp.types.cmp')
043.669  000.257  000.257: require('cmp.types.lsp')
043.794  000.122  000.122: require('cmp.types.vim')
043.796  000.651  000.132: require('cmp.types')
043.962  000.165  000.165: require('cmp.utils.cache')
043.966  000.997  000.181: require('cmp.context')
044.770  000.235  000.235: require('cmp.config.mapping')
045.204  000.257  000.257: require('cmp.config.compare')
045.207  000.433  000.176: require('cmp.config.default')
045.218  000.924  000.256: require('cmp.config')
046.088  000.302  000.302: require('cmp.matcher')
046.095  000.875  000.574: require('cmp.entry')
046.102  002.135  000.335: require('cmp.source')
046.487  000.145  000.145: require('cmp.utils.event')
047.268  000.151  000.151: require('cmp.utils.options')
047.273  000.581  000.430: require('cmp.utils.window')
047.275  000.786  000.205: require('cmp.view.docs_view')
047.927  000.184  000.184: require('cmp.utils.autocmd')
047.938  000.661  000.477: require('cmp.view.custom_entries_view')
048.247  000.308  000.308: require('cmp.view.wildmenu_entries_view')
048.557  000.307  000.307: require('cmp.view.native_entries_view')
048.786  000.226  000.226: require('cmp.view.ghost_text_view')
048.798  002.694  000.262: require('cmp.view')
048.960  008.460  000.627: require('cmp.core')
049.202  000.140  000.140: require('cmp.config.sources')
049.368  000.163  000.163: require('cmp.config.window')
049.411  009.266  000.503: require('cmp')
050.282  000.070  000.070: require('luasnip.session')
050.290  000.458  000.388: require('luasnip.util.util')
050.466  000.174  000.174: require('luasnip.session.snippet_collection')
051.088  000.486  000.486: require('luasnip.util._builtin_vars')
051.164  000.050  000.050: require('vim.inspect')
051.218  000.750  000.214: require('luasnip.util.environ')
051.295  000.075  000.075: require('luasnip.util.extend_decorator')
051.455  000.052  000.052: require('luasnip.loaders._caches')
051.614  000.157  000.157: require('luasnip.util.path')
051.638  000.341  000.132: require('luasnip.loaders')
051.776  000.132  000.132: require('luasnip.util.log')
052.023  000.046  000.046: require('luasnip.util.types')
052.119  000.094  000.094: require('luasnip.util.ext_opts')
052.229  000.109  000.109: require('luasnip.extras.filetype_functions')
052.392  000.599  000.350: require('luasnip.config')
052.395  002.982  000.453: require('luasnip')
052.671  000.274  000.274: require('lspkind')
054.435  014.380  001.858: require('cmp-config')
054.912  000.160  000.160: require('neorg.callbacks')
055.372  000.244  000.244: require('neorg.external.log')
056.594  000.444  000.444: require('neorg.external.helpers')
056.936  000.950  000.506: require('neorg.config')
056.944  001.197  000.247: require('neorg.modules.base')
056.949  001.574  000.377: require('neorg.modules')
056.966  002.051  000.233: require('neorg.events')
056.968  002.435  000.223: require('neorg')
058.619  001.575  001.575: require('vim.filetype')
059.022  000.307  000.307: require('neorg.modules.core.defaults.module')
060.505  001.472  001.472: require('neorg.modules.core.autocommands.module')
060.802  000.272  000.272: require('neorg.modules.core.clipboard.module')
061.920  001.065  001.065: require('neorg.modules.core.integrations.treesitter.module')
062.433  000.500  000.500: require('neorg.modules.core.highlights.module')
065.066  000.262  000.262: require('neorg.modules.core.mode.module')
065.541  000.459  000.459: require('neorg.modules.core.keybinds.module')
065.955  000.368  000.368: require('neorg.modules.core.neorgcmd.module')
066.154  000.172  000.172: require('neorg.modules.core.neorgcmd.commands.module.list.module')
066.548  000.387  000.387: require('neorg.modules.core.ui.module')
067.382  000.516  000.516: require('neorg.modules.core.ui.selection_popup')
068.378  000.225  000.225: require('neorg.modules.core.ui.text_popup')
068.945  000.186  000.186: require('neorg.modules.core.neorgcmd.commands.module.load.module')
069.135  000.149  000.149: require('neorg.modules.core.neorgcmd.commands.return.module')
071.266  001.447  001.447: require('neorg.modules.core.keybinds.keybinds')
072.493  000.197  000.197: require('neorg.modules.core.clipboard.code-blocks.module')
072.702  000.192  000.192: require('neorg.modules.core.itero.module')
072.981  000.249  000.249: require('neorg.modules.core.looking-glass.module')
074.273  000.196  000.196: require('plenary.functional')
074.283  000.713  000.517: require('plenary.job')
074.293  001.263  000.550: require('neorg.modules.core.norg.esupports.hop.module')
074.506  000.171  000.171: require('neorg.modules.core.norg.dirman.utils.module')
074.905  000.276  000.276: require('neorg.modules.core.norg.esupports.indent.module')
075.322  000.289  000.289: require('neorg.modules.core.norg.esupports.metagen.module')
075.876  000.450  000.450: require('neorg.modules.core.norg.journal.module')
077.782  000.328  000.328: require('plenary.bit')
077.824  000.028  000.028: require('ffi')
077.837  001.021  000.666: require('plenary.path')
077.904  001.611  000.589: require('plenary.scandir')
077.945  002.031  000.420: require('neorg.modules.core.norg.dirman.module')
078.189  000.193  000.193: require('neorg.modules.core.storage.module')
078.805  000.341  000.341: require('neorg.modules.core.norg.news.module')
079.401  000.334  000.334: require('neorg.modules.core.norg.qol.toc.module')
079.791  000.334  000.334: require('neorg.modules.core.norg.qol.todo_items.module')
080.167  000.266  000.266: require('neorg.modules.core.promo.module')
080.659  000.455  000.455: require('neorg.modules.core.syntax.module')
089.772  000.335  000.335: require('neorg.modules.core.tangle.module')
090.206  000.394  000.394: require('neorg.modules.core.upgrade.module')
090.375  000.157  000.157: require('neorg.modules.core.fs.module')
090.764  000.154  000.154: require('telescope._extensions.neorg.find_linkable')
092.762  000.336  000.336: require('plenary.strings')
092.972  000.205  000.205: require('telescope.deprecated')
093.962  000.343  000.343: require('plenary.log')
093.980  000.536  000.193: require('telescope.log')
094.661  000.194  000.194: require('telescope.state')
094.668  000.686  000.492: require('telescope.utils')
094.675  001.700  000.479: require('telescope.sorters')
096.480  004.511  002.269: require('telescope.config')
097.348  000.383  000.383: require('plenary.window.border')
097.534  000.183  000.183: require('plenary.window')
097.717  000.180  000.180: require('plenary.popup.utils')
097.721  001.235  000.489: require('plenary.popup')
098.131  000.408  000.408: require('telescope.pickers.scroller')
098.446  000.312  000.312: require('telescope.actions.state')
098.719  000.271  000.271: require('telescope.actions.utils')
099.447  000.343  000.343: require('telescope.actions.mt')
099.472  000.751  000.408: require('telescope.actions.set')
100.209  000.311  000.311: require('telescope.config.resolve')
100.213  000.739  000.428: require('telescope.pickers.entry_display')
100.428  000.213  000.213: require('telescope.from_entry')
100.751  009.728  001.289: require('telescope.actions')
102.261  001.212  001.212: require('telescope.make_entry')
103.638  000.224  000.224: require('plenary.tbl')
103.644  000.447  000.223: require('plenary.vararg.rotate')
103.645  000.604  000.156: require('plenary.vararg')
103.830  000.184  000.184: require('plenary.errors')
103.838  001.044  000.257: require('plenary.async.async')
104.762  000.231  000.231: require('plenary.async.structs')
104.770  000.513  000.281: require('plenary.async.control')
104.780  000.771  000.258: require('plenary.async.util')
104.782  000.939  000.169: require('plenary.async.tests')
104.786  002.245  000.262: require('plenary.async')
104.789  002.523  000.277: require('telescope.finders.async_static_finder')
105.623  000.233  000.233: require('plenary.class')
105.651  000.621  000.389: require('telescope._')
105.655  000.865  000.244: require('telescope.finders.async_oneshot_finder')
105.903  000.246  000.246: require('telescope.finders.async_job_finder')
105.912  005.158  000.313: require('telescope.finders')
107.580  000.219  000.219: require('telescope._extensions')
107.585  000.461  000.242: require('telescope')
107.932  000.345  000.345: require('telescope.debounce')
108.326  000.390  000.390: require('telescope.mappings')
108.604  000.275  000.275: require('telescope.pickers.highlights')
108.811  000.204  000.204: require('telescope.pickers.window')
109.527  000.321  000.321: require('telescope.algos.linked_list')
109.534  000.721  000.400: require('telescope.entry_manager')
109.773  000.237  000.237: require('telescope.pickers.multi')
109.798  003.885  001.253: require('telescope.pickers')
109.804  019.037  000.266: require('telescope._extensions.neorg.insert_link')
110.045  000.239  000.239: require('telescope._extensions.neorg.insert_file_link')
110.515  000.250  000.250: require('telescope.themes')
110.536  000.489  000.238: require('telescope._extensions.neorg.search_headings')
111.548  000.234  000.234: require('telescope.previewers.previewer')
112.067  000.516  000.516: require('telescope.previewers.term_previewer')
113.905  000.195  000.195: require('plenary.context_manager')
115.333  000.352  000.352: require('nvim-treesitter.info')
115.728  000.389  000.389: require('nvim-treesitter.shell_command_selectors')
115.884  001.816  001.075: require('nvim-treesitter.install')
116.146  000.259  000.259: require('nvim-treesitter.statusline')
116.606  000.458  000.458: require('nvim-treesitter.query_predicates')
116.610  002.700  000.167: require('nvim-treesitter')
116.626  003.289  000.393: require('telescope.previewers.utils')
120.194  003.565  003.565: require('plenary.filetype')
120.246  008.177  001.322: require('telescope.previewers.buffer_previewer')
120.251  009.190  000.264: require('telescope.previewers')
120.260  009.490  000.300: require('neorg.telescope_utils')
120.284  009.746  000.256: require('telescope._extensions.neorg.find_project_tasks')
120.572  000.286  000.286: require('telescope._extensions.neorg.find_context_tasks')
120.855  000.280  000.280: require('telescope._extensions.neorg.find_aof_tasks')
121.095  000.237  000.237: require('telescope._extensions.neorg.find_aof_project_tasks')
121.271  000.174  000.174: require('telescope._extensions.neorg.switch_workspace')
121.281  030.850  000.207: require('neorg.modules.core.integrations.telescope.module')
121.422  000.128  000.128: require('telescope._extensions.neorg')
137.590  016.078  016.078: require('neorg.modules.core.norg.completion.module')
137.877  000.239  000.239: require('neorg.modules.core.integrations.nvim-cmp.module')
138.242  000.262  000.262: require('neorg.modules.core.norg.manoeuvre.module')
139.376  001.027  001.027: require('neorg.modules.core.norg.concealer.module')
139.962  000.248  000.248: require('neorg.modules.core.norg.concealer.preset_basic')
141.570  000.174  000.174: require('neorg.modules.core.norg.concealer.preset_varied')
142.772  000.222  000.222: require('neorg.modules.core.norg.concealer.preset_diamond')
144.087  089.643  020.693: require('neorg-config')
144.968  000.447  000.447: require('telescope.builtin.__lsp')
144.992  000.834  000.387: require('telescope.builtin')
145.163  001.070  000.236: require('telescope-config')
145.692  000.474  000.474: require('alpha')
145.797  000.102  000.102: require('alpha.themes.dashboard')
145.851  000.686  000.110: require('alpha-config')
146.492  000.159  000.159: require('dial.util')
146.495  000.272  000.114: require('dial.augend.common')
146.499  000.507  000.235: require('dial.augend.case')
146.808  000.307  000.307: require('dial.augend.constant')
147.755  000.944  000.944: require('dial.augend.date')
148.051  000.292  000.292: require('dial.augend.hexcolor')
148.495  000.441  000.441: require('dial.augend.integer')
148.638  000.140  000.140: require('dial.augend.semver')
148.733  000.093  000.093: require('dial.augend.user')
149.039  000.304  000.304: require('dial.augend.paren')
149.163  000.121  000.121: require('dial.augend.misc')
149.166  003.265  000.117: require('dial.augend')
149.472  000.304  000.304: require('dial.config')
150.003  000.179  000.179: require('dial.handle')
150.007  000.407  000.228: require('dial.command')
150.010  000.532  000.124: require('dial.map')
150.069  004.216  000.116: require('dial-config')
150.722  000.141  000.141: require('luasnip.loaders.util')
151.843  000.141  000.141: require('luasnip.nodes.util')
151.893  000.047  000.047: require('luasnip.util.events')
151.902  000.408  000.220: require('luasnip.nodes.node')
152.184  000.280  000.280: require('luasnip.nodes.insertNode')
152.280  000.093  000.093: require('luasnip.nodes.textNode')
152.400  000.117  000.117: require('luasnip.util.mark')
152.499  000.096  000.096: require('luasnip.util.pattern_tokenizer')
152.582  000.081  000.081: require('luasnip.util.dict')
152.651  001.753  000.678: require('luasnip.nodes.snippet')
153.265  000.167  000.167: require('luasnip.util.parser.neovim_ast')
153.381  000.112  000.112: require('luasnip.util.str')
154.126  000.101  000.101: require('luasnip.util.directed_graph')
154.133  001.280  000.901: require('luasnip.util.parser.ast_utils')
154.269  000.133  000.133: require('luasnip.nodes.functionNode')
154.507  000.235  000.235: require('luasnip.nodes.choiceNode')
154.745  000.235  000.235: require('luasnip.nodes.dynamicNode')
154.812  000.065  000.065: require('luasnip.util.functions')
154.820  002.166  000.217: require('luasnip.util.parser.ast_parser')
155.096  000.274  000.274: require('luasnip.util.parser.neovim_parser')
155.102  004.303  000.109: require('luasnip.util.parser')
155.107  004.382  000.080: require('luasnip.nodes.snippetProxy')
155.114  004.766  000.243: require('luasnip.loaders.from_vscode')
164.260  014.189  009.423: require('luasnip-config')
165.289  000.326  000.326: require('null-ls.utils')
166.778  001.463  001.463: require('vim.diagnostic')
166.797  002.133  000.344: require('null-ls.config')
167.113  000.139  000.139: require('null-ls.helpers.cache')
167.392  000.277  000.277: require('null-ls.helpers.diagnostics')
167.583  000.188  000.188: require('null-ls.helpers.formatter_factory')
169.612  000.360  000.360: require('null-ls.logger')
169.812  000.194  000.194: require('null-ls.state')
169.819  002.234  001.680: require('null-ls.helpers.generator_factory')
170.209  000.184  000.184: require('null-ls.helpers.command_resolver')
170.212  000.390  000.206: require('null-ls.helpers.make_builtin')
170.381  000.168  000.168: require('null-ls.helpers.range_formatting_args_factory')
170.384  003.563  000.167: require('null-ls.helpers')
171.247  000.193  000.193: require('null-ls.methods')
171.253  000.486  000.294: require('null-ls.diagnostics')
171.266  000.881  000.395: require('null-ls.sources')
171.430  000.160  000.160: require('null-ls.builtins')
171.432  007.087  000.349: require('null-ls')
171.592  000.157  000.157: require('null-ls.builtins.formatting.black')
171.903  000.306  000.306: require('null-ls.builtins.diagnostics.write_good')
172.928  000.726  000.726: require('null-ls.client')
172.994  008.727  000.451: require('null-ls-config')
173.814  000.250  000.250: require('mkdnflow.utils')
173.844  000.781  000.531: require('mkdnflow')
176.029  000.389  000.389: require('mkdnflow.compat')
176.234  000.171  000.171: require('mkdnflow.maps')
176.237  003.241  001.900: require('mkdnflow-config')
176.500  000.228  000.228: require('local-highlight')
176.518  000.279  000.051: require('local-highlight-config')
176.520  172.265  000.086: sourcing /home/mally/.config/nvim/init.lua
176.541  001.458: sourcing vimrc file(s)
177.054  000.017  000.017: sourcing /home/mally/.local/share/nvim/site/pack/packer/start/LuaSnip/ftdetect/snippets.vim
177.218  000.013  000.013: sourcing /home/mally/.local/share/nvim/site/pack/packer/start/neorg/ftdetect/norg.vim
177.455  000.109  000.109: sourcing /home/mally/.local/share/nvim/site/pack/packer/start/vim-racket/ftdetect/racket.vim
177.610  000.032  000.032: sourcing /usr/share/vim/vimfiles/ftdetect/gnfiletype.vim
177.651  000.020  000.020: sourcing /usr/share/vim/vimfiles/ftdetect/meson.vim
177.703  000.034  000.034: sourcing /usr/share/vim/vimfiles/ftdetect/task.vim
178.039  001.196  000.971: sourcing /usr/share/nvim/runtime/filetype.lua
178.103  000.037  000.037: sourcing /usr/share/nvim/runtime/filetype.vim
178.466  000.082  000.082: sourcing /usr/share/nvim/runtime/syntax/synload.vim
178.588  000.384  000.302: sourcing /usr/share/nvim/runtime/syntax/syntax.vim
179.904  000.148  000.148: sourcing /usr/share/nvim/runtime/plugin/gzip.vim
179.939  000.010  000.010: sourcing /usr/share/nvim/runtime/plugin/health.vim
180.465  000.158  000.158: sourcing /usr/share/nvim/runtime/pack/dist/opt/matchit/plugin/matchit.vim
180.563  000.591  000.434: sourcing /usr/share/nvim/runtime/plugin/matchit.vim
180.714  000.130  000.130: sourcing /usr/share/nvim/runtime/plugin/matchparen.vim
181.051  000.314  000.314: sourcing /usr/share/nvim/runtime/plugin/netrwPlugin.vim
181.370  000.012  000.012: sourcing /home/mally/.local/share/nvim/rplugin.vim
181.380  000.302  000.291: sourcing /usr/share/nvim/runtime/plugin/rplugin.vim
181.524  000.120  000.120: sourcing /usr/share/nvim/runtime/plugin/shada.vim
181.589  000.023  000.023: sourcing /usr/share/nvim/runtime/plugin/spellfile.vim
181.707  000.094  000.094: sourcing /usr/share/nvim/runtime/plugin/tarPlugin.vim
181.804  000.072  000.072: sourcing /usr/share/nvim/runtime/plugin/tohtml.vim
181.844  000.016  000.016: sourcing /usr/share/nvim/runtime/plugin/tutor.vim
181.992  000.126  000.126: sourcing /usr/share/nvim/runtime/plugin/zipPlugin.vim
182.703  000.579  000.579: sourcing /home/mally/.config/nvim/plugin/packer_compiled.lua
183.011  000.081  000.081: sourcing /usr/share/nvim/runtime/plugin/man.lua
183.036  002.272: loading rtp plugins
185.397  000.081  000.081: require('Comment.config')
185.958  000.241  000.241: require('Comment.ft')
185.963  000.562  000.321: require('Comment.utils')
186.124  000.159  000.159: require('Comment.opfunc')
186.260  000.115  000.115: require('Comment.extra')
186.268  002.590  001.673: require('Comment.api')
186.499  002.880  000.289: sourcing /home/mally/.local/share/nvim/site/pack/packer/start/Comment.nvim/plugin/Comment.lua
186.849  000.208  000.208: sourcing /home/mally/.local/share/nvim/site/pack/packer/start/LuaSnip/plugin/luasnip.vim
187.372  000.232  000.232: require('arshlib.tables')
187.431  000.055  000.055: require('arshlib.strings')
187.433  000.354  000.066: require('arshlib')
187.434  000.374  000.019: sourcing /home/mally/.local/share/nvim/site/pack/packer/start/arshlib.nvim/plugin/arshlib.lua
187.957  000.105  000.105: require('conjure.aniseed.autoload')
187.965  000.229  000.124: require('conjure.main')
188.775  000.339  000.339: require('conjure.aniseed.deps.nvim')
188.779  000.429  000.090: require('conjure.aniseed.nvim')
189.008  000.224  000.224: require('conjure.aniseed.string')
189.498  000.487  000.487: require('conjure.aniseed.core')
189.538  001.571  000.430: require('conjure.mapping')
195.631  006.090  006.090: require('conjure.config')
195.839  000.135  000.135: require('conjure.bridge')
195.955  008.241  000.216: sourcing /home/mally/.local/share/nvim/site/pack/packer/start/conjure/plugin/conjure.vim
196.301  000.183  000.183: sourcing /home/mally/.local/share/nvim/site/pack/packer/start/dial.nvim/plugin/dial.vim
196.864  000.218  000.218: sourcing /home/mally/.local/share/nvim/site/pack/packer/start/mkdnflow.nvim/plugin/mkdnflow.lua
197.409  000.227  000.227: require('cmp.utils.highlight')
198.456  001.372  001.144: sourcing /home/mally/.local/share/nvim/site/pack/packer/start/nvim-cmp/plugin/cmp.lua
199.017  000.393  000.393: sourcing /home/mally/.local/share/nvim/site/pack/packer/start/nvim-lspconfig/plugin/lspconfig.lua
199.233  000.113  000.113: sourcing /home/mally/.local/share/nvim/site/pack/packer/start/nvim-parinfer/plugin/parinfer.vim
199.861  000.443  000.443: sourcing /home/mally/.local/share/nvim/site/pack/packer/start/nvim-treesitter/plugin/nvim-treesitter.lua
200.266  000.253  000.253: require('nvim-treesitter-textobjects')
201.184  000.320  000.320: require('nvim-treesitter.textobjects.shared')
201.190  000.675  000.355: require('nvim-treesitter.textobjects.select')
201.724  000.253  000.253: require('nvim-treesitter.textobjects.attach')
202.022  000.295  000.295: require('nvim-treesitter.textobjects.repeatable_move')
202.035  000.821  000.273: require('nvim-treesitter.textobjects.move')
202.481  000.210  000.210: require('nvim-treesitter.textobjects.swap')
202.794  000.286  000.286: require('nvim-treesitter.textobjects.lsp_interop')
202.813  002.815  000.571: sourcing /home/mally/.local/share/nvim/site/pack/packer/start/nvim-treesitter-textobjects/plugin/nvim-treesitter-textobjects.vim
203.048  000.052  000.052: sourcing /home/mally/.local/share/nvim/site/pack/packer/start/nvim-web-devicons/plugin/nvim-web-devicons.vim
203.536  000.214  000.214: require('nvim-treesitter-playground')
203.587  000.313  000.099: sourcing /home/mally/.local/share/nvim/site/pack/packer/start/playground/plugin/nvim-treesitter-playground.lua
203.735  000.037  000.037: sourcing /home/mally/.local/share/nvim/site/pack/packer/start/plenary.nvim/plugin/plenary.vim
204.186  000.275  000.275: sourcing /home/mally/.local/share/nvim/site/pack/packer/start/telescope.nvim/plugin/telescope.lua
204.345  003.393: loading packages
205.826  000.094  000.094: require('cmp_buffer.timer')
205.840  000.608  000.514: require('cmp_buffer.buffer')
205.851  001.052  000.444: require('cmp_buffer.source')
205.853  001.125  000.073: require('cmp_buffer')
205.901  001.194  000.069: sourcing /home/mally/.local/share/nvim/site/pack/packer/start/cmp-buffer/after/plugin/cmp_buffer.lua
206.462  000.404  000.404: require('cmp_cmdline')
206.500  000.472  000.069: sourcing /home/mally/.local/share/nvim/site/pack/packer/start/cmp-cmdline/after/plugin/cmp_cmdline.lua
206.654  000.059  000.059: sourcing /home/mally/.local/share/nvim/site/pack/packer/start/cmp-nvim-lsp/after/plugin/cmp_nvim_lsp.lua
207.253  000.460  000.460: require('cmp_path')
207.288  000.531  000.071: sourcing /home/mally/.local/share/nvim/site/pack/packer/start/cmp-path/after/plugin/cmp_path.lua
207.784  000.347  000.347: require('cmp_luasnip')
207.848  000.466  000.119: sourcing /home/mally/.local/share/nvim/site/pack/packer/start/cmp_luasnip/after/plugin/cmp_luasnip.lua
208.571  000.207  000.207: require('obsidian.completion')
209.444  000.239  000.239: require('obsidian.echo')
209.691  000.245  000.245: require('obsidian.config')
211.652  001.026  001.026: require('../deps/lua_yaml/yaml')
212.422  000.765  000.765: require('obsidian.util')
212.426  002.025  000.234: require('obsidian.yaml')
212.466  002.772  000.747: require('obsidian.note')
212.486  003.911  000.655: require('obsidian')
212.522  004.543  000.425: require('cmp_obsidian')
212.611  004.651  000.108: sourcing /home/mally/.local/share/nvim/site/pack/packer/start/obsidian.nvim/after/plugin/cmp_obsidian.lua
213.091  000.380  000.380: require('cmp_obsidian_new')
213.156  000.491  000.111: sourcing /home/mally/.local/share/nvim/site/pack/packer/start/obsidian.nvim/after/plugin/cmp_obsidian_new.lua
213.185  000.975: loading after plugins
213.198  000.014: inits 3
216.428  003.230: reading ShaDa
216.928  000.377  000.377: require('luasnip.loaders.from_lua')
217.409  000.427  000.427: require('luasnip.loaders.from_snipmate')
217.479  000.246: opening buffers
217.723  000.245: BufEnter autocommands
217.727  000.003: editing files in windows
218.964  000.111  000.111: require('conjure.sponsors')
218.992  001.248  001.137: require('conjure.log')
219.093  000.098  000.098: require('conjure.timer')
219.529  000.123  000.123: require('conjure.dynamic')
219.537  000.350  000.227: require('conjure.client')
219.721  000.159  000.159: require('mason-core.terminator')
